c:\users\ngoho\desktop\gamedev-intro-tutorials\02-sprite\debug\vc142.pdb
c:\users\ngoho\desktop\gamedev-intro-tutorials\02-sprite\debug\vc142.idb
c:\users\ngoho\desktop\gamedev-intro-tutorials\02-sprite\debug\utils.obj
c:\users\ngoho\desktop\gamedev-intro-tutorials\02-sprite\debug\textures.obj
c:\users\ngoho\desktop\gamedev-intro-tutorials\02-sprite\debug\sprites.obj
c:\users\ngoho\desktop\gamedev-intro-tutorials\02-sprite\debug\mario.obj
c:\users\ngoho\desktop\gamedev-intro-tutorials\02-sprite\debug\main.obj
c:\users\ngoho\desktop\gamedev-intro-tutorials\02-sprite\debug\keyhandler.obj
c:\users\ngoho\desktop\gamedev-intro-tutorials\02-sprite\debug\gameobject.obj
c:\users\ngoho\desktop\gamedev-intro-tutorials\02-sprite\debug\game.obj
c:\users\ngoho\desktop\gamedev-intro-tutorials\02-sprite\debug\debug.obj
c:\users\ngoho\desktop\gamedev-intro-tutorials\debug\02-sprite.exe
c:\users\ngoho\desktop\gamedev-intro-tutorials\debug\02-sprite.ilk
c:\users\ngoho\desktop\gamedev-intro-tutorials\debug\02-sprite.pdb
c:\users\ngoho\desktop\gamedev-intro-tutorials\02-sprite\debug\keyhandler.obj.enc
c:\users\ngoho\desktop\gamedev-intro-tutorials\02-sprite\debug\mario.obj.enc
c:\users\ngoho\desktop\gamedev-intro-tutorials\02-sprite\debug\sprites.obj.enc
c:\users\ngoho\desktop\gamedev-intro-tutorials\02-sprite\debug\utils.new.obj.enc
c:\users\ngoho\desktop\gamedev-intro-tutorials\02-sprite\debug\02-sprite.tlog\cl.command.1.tlog
c:\users\ngoho\desktop\gamedev-intro-tutorials\02-sprite\debug\02-sprite.tlog\cl.read.1.tlog
c:\users\ngoho\desktop\gamedev-intro-tutorials\02-sprite\debug\02-sprite.tlog\cl.write.1.tlog
c:\users\ngoho\desktop\gamedev-intro-tutorials\02-sprite\debug\02-sprite.tlog\link.command.1.tlog
c:\users\ngoho\desktop\gamedev-intro-tutorials\02-sprite\debug\02-sprite.tlog\link.read.1.tlog
c:\users\ngoho\desktop\gamedev-intro-tutorials\02-sprite\debug\02-sprite.tlog\link.write.1.tlog
